0 info it worked if it ends with ok
1 verbose cli [ 'node', '/usr/local/bin/npm', 'update', '-g', 'bower' ]
2 info using npm@2.1.14
3 info using node@v0.10.35
4 verbose node symlink /usr/local/bin/node
5 silly mapToRegistry name bower
6 silly mapToRegistry using default registry
7 silly mapToRegistry registry https://registry.npmjs.org/
8 silly mapToRegistry uri https://registry.npmjs.org/bower
9 verbose request uri https://registry.npmjs.org/bower
10 verbose request no auth needed
11 info attempt registry request try #1 at 17:58:19
12 verbose request id 7b84ea4c149e3253
13 verbose etag "9MUUY6U0OKNC03GXPVQ6BIHY8"
14 http request GET https://registry.npmjs.org/bower
15 verbose type called_on_non_object
16 verbose stack TypeError: Object.keys called on non-object
16 verbose stack     at Function.keys (native)
16 verbose stack     at unmarkExtraneous (/usr/local/lib/node_modules/npm/node_modules/read-installed/read-installed.js:362:10)
16 verbose stack     at /usr/local/lib/node_modules/npm/node_modules/read-installed/read-installed.js:137:5
16 verbose stack     at next (/usr/local/lib/node_modules/npm/node_modules/read-installed/read-installed.js:185:14)
16 verbose stack     at /usr/local/lib/node_modules/npm/node_modules/read-installed/read-installed.js:169:14
16 verbose stack     at Object.oncomplete (evalmachine.<anonymous>:108:15)
17 verbose cwd /Applications/MAMP/htdocs/ProjetCommunKartographerZ
18 error Darwin 14.3.0
19 error argv "node" "/usr/local/bin/npm" "update" "-g" "bower"
20 error node v0.10.35
21 error npm  v2.1.14
22 error Object.keys called on non-object
23 error If you need help, you may report this error at:
23 error     <http://github.com/npm/npm/issues>
24 verbose exit [ 1, true ]
